<?xml version="1.0" encoding="UTF-8"?>
<testsuite xmlns:xsi="http://www.w3.org/2001/XMLSchema-instance" xsi:noNamespaceSchemaLocation="https://maven.apache.org/surefire/maven-surefire-plugin/xsd/surefire-test-report.xsd" name="ar.edu.undav.noescalapp.NoescalappApplicationTests" time="15.215" tests="1" errors="0" skipped="0" failures="0">
  <properties>
    <property name="sun.desktop" value="gnome"/>
    <property name="awt.toolkit" value="sun.awt.X11.XToolkit"/>
    <property name="java.specification.version" value="11"/>
    <property name="sun.cpu.isalist" value=""/>
    <property name="sun.jnu.encoding" value="UTF-8"/>
    <property name="java.class.path" value="/home/federicio/Desktop/no-escalapp-masterv2/target/test-classes:/home/federicio/Desktop/no-escalapp-masterv2/target/classes:/home/federicio/.m2/repository/org/springframework/boot/spring-boot-starter/2.2.0.RELEASE/spring-boot-starter-2.2.0.RELEASE.jar:/home/federicio/.m2/repository/org/springframework/boot/spring-boot/2.2.0.RELEASE/spring-boot-2.2.0.RELEASE.jar:/home/federicio/.m2/repository/org/springframework/spring-context/5.2.0.RELEASE/spring-context-5.2.0.RELEASE.jar:/home/federicio/.m2/repository/org/springframework/boot/spring-boot-autoconfigure/2.2.0.RELEASE/spring-boot-autoconfigure-2.2.0.RELEASE.jar:/home/federicio/.m2/repository/org/springframework/boot/spring-boot-starter-logging/2.2.0.RELEASE/spring-boot-starter-logging-2.2.0.RELEASE.jar:/home/federicio/.m2/repository/ch/qos/logback/logback-classic/1.2.3/logback-classic-1.2.3.jar:/home/federicio/.m2/repository/ch/qos/logback/logback-core/1.2.3/logback-core-1.2.3.jar:/home/federicio/.m2/repository/org/apache/logging/log4j/log4j-to-slf4j/2.12.1/log4j-to-slf4j-2.12.1.jar:/home/federicio/.m2/repository/org/apache/logging/log4j/log4j-api/2.12.1/log4j-api-2.12.1.jar:/home/federicio/.m2/repository/org/slf4j/jul-to-slf4j/1.7.28/jul-to-slf4j-1.7.28.jar:/home/federicio/.m2/repository/jakarta/annotation/jakarta.annotation-api/1.3.5/jakarta.annotation-api-1.3.5.jar:/home/federicio/.m2/repository/org/springframework/spring-core/5.2.0.RELEASE/spring-core-5.2.0.RELEASE.jar:/home/federicio/.m2/repository/org/springframework/spring-jcl/5.2.0.RELEASE/spring-jcl-5.2.0.RELEASE.jar:/home/federicio/.m2/repository/org/yaml/snakeyaml/1.25/snakeyaml-1.25.jar:/home/federicio/.m2/repository/org/springframework/boot/spring-boot-starter-test/2.2.0.RELEASE/spring-boot-starter-test-2.2.0.RELEASE.jar:/home/federicio/.m2/repository/org/springframework/boot/spring-boot-test/2.2.0.RELEASE/spring-boot-test-2.2.0.RELEASE.jar:/home/federicio/.m2/repository/org/springframework/boot/spring-boot-test-autoconfigure/2.2.0.RELEASE/spring-boot-test-autoconfigure-2.2.0.RELEASE.jar:/home/federicio/.m2/repository/com/jayway/jsonpath/json-path/2.4.0/json-path-2.4.0.jar:/home/federicio/.m2/repository/net/minidev/json-smart/2.3/json-smart-2.3.jar:/home/federicio/.m2/repository/net/minidev/accessors-smart/1.2/accessors-smart-1.2.jar:/home/federicio/.m2/repository/org/ow2/asm/asm/5.0.4/asm-5.0.4.jar:/home/federicio/.m2/repository/jakarta/xml/bind/jakarta.xml.bind-api/2.3.2/jakarta.xml.bind-api-2.3.2.jar:/home/federicio/.m2/repository/jakarta/activation/jakarta.activation-api/1.2.1/jakarta.activation-api-1.2.1.jar:/home/federicio/.m2/repository/org/junit/jupiter/junit-jupiter/5.5.2/junit-jupiter-5.5.2.jar:/home/federicio/.m2/repository/org/junit/jupiter/junit-jupiter-api/5.5.2/junit-jupiter-api-5.5.2.jar:/home/federicio/.m2/repository/org/apiguardian/apiguardian-api/1.1.0/apiguardian-api-1.1.0.jar:/home/federicio/.m2/repository/org/opentest4j/opentest4j/1.2.0/opentest4j-1.2.0.jar:/home/federicio/.m2/repository/org/junit/platform/junit-platform-commons/1.5.2/junit-platform-commons-1.5.2.jar:/home/federicio/.m2/repository/org/junit/jupiter/junit-jupiter-params/5.5.2/junit-jupiter-params-5.5.2.jar:/home/federicio/.m2/repository/org/junit/jupiter/junit-jupiter-engine/5.5.2/junit-jupiter-engine-5.5.2.jar:/home/federicio/.m2/repository/org/junit/platform/junit-platform-engine/1.5.2/junit-platform-engine-1.5.2.jar:/home/federicio/.m2/repository/org/mockito/mockito-junit-jupiter/3.1.0/mockito-junit-jupiter-3.1.0.jar:/home/federicio/.m2/repository/org/assertj/assertj-core/3.13.2/assertj-core-3.13.2.jar:/home/federicio/.m2/repository/org/hamcrest/hamcrest/2.1/hamcrest-2.1.jar:/home/federicio/.m2/repository/org/mockito/mockito-core/3.1.0/mockito-core-3.1.0.jar:/home/federicio/.m2/repository/net/bytebuddy/byte-buddy/1.10.1/byte-buddy-1.10.1.jar:/home/federicio/.m2/repository/net/bytebuddy/byte-buddy-agent/1.10.1/byte-buddy-agent-1.10.1.jar:/home/federicio/.m2/repository/org/objenesis/objenesis/2.6/objenesis-2.6.jar:/home/federicio/.m2/repository/org/skyscreamer/jsonassert/1.5.0/jsonassert-1.5.0.jar:/home/federicio/.m2/repository/com/vaadin/external/google/android-json/0.0.20131108.vaadin1/android-json-0.0.20131108.vaadin1.jar:/home/federicio/.m2/repository/org/springframework/spring-test/5.2.0.RELEASE/spring-test-5.2.0.RELEASE.jar:/home/federicio/.m2/repository/org/xmlunit/xmlunit-core/2.6.3/xmlunit-core-2.6.3.jar:/home/federicio/.m2/repository/org/springframework/boot/spring-boot-starter-web/2.2.0.RELEASE/spring-boot-starter-web-2.2.0.RELEASE.jar:/home/federicio/.m2/repository/org/springframework/boot/spring-boot-starter-json/2.2.0.RELEASE/spring-boot-starter-json-2.2.0.RELEASE.jar:/home/federicio/.m2/repository/com/fasterxml/jackson/core/jackson-databind/2.10.0/jackson-databind-2.10.0.jar:/home/federicio/.m2/repository/com/fasterxml/jackson/core/jackson-annotations/2.10.0/jackson-annotations-2.10.0.jar:/home/federicio/.m2/repository/com/fasterxml/jackson/core/jackson-core/2.10.0/jackson-core-2.10.0.jar:/home/federicio/.m2/repository/com/fasterxml/jackson/datatype/jackson-datatype-jdk8/2.10.0/jackson-datatype-jdk8-2.10.0.jar:/home/federicio/.m2/repository/com/fasterxml/jackson/datatype/jackson-datatype-jsr310/2.10.0/jackson-datatype-jsr310-2.10.0.jar:/home/federicio/.m2/repository/com/fasterxml/jackson/module/jackson-module-parameter-names/2.10.0/jackson-module-parameter-names-2.10.0.jar:/home/federicio/.m2/repository/org/springframework/boot/spring-boot-starter-tomcat/2.2.0.RELEASE/spring-boot-starter-tomcat-2.2.0.RELEASE.jar:/home/federicio/.m2/repository/org/apache/tomcat/embed/tomcat-embed-core/9.0.27/tomcat-embed-core-9.0.27.jar:/home/federicio/.m2/repository/org/apache/tomcat/embed/tomcat-embed-el/9.0.27/tomcat-embed-el-9.0.27.jar:/home/federicio/.m2/repository/org/apache/tomcat/embed/tomcat-embed-websocket/9.0.27/tomcat-embed-websocket-9.0.27.jar:/home/federicio/.m2/repository/org/springframework/boot/spring-boot-starter-validation/2.2.0.RELEASE/spring-boot-starter-validation-2.2.0.RELEASE.jar:/home/federicio/.m2/repository/jakarta/validation/jakarta.validation-api/2.0.1/jakarta.validation-api-2.0.1.jar:/home/federicio/.m2/repository/org/hibernate/validator/hibernate-validator/6.0.17.Final/hibernate-validator-6.0.17.Final.jar:/home/federicio/.m2/repository/org/jboss/logging/jboss-logging/3.4.1.Final/jboss-logging-3.4.1.Final.jar:/home/federicio/.m2/repository/com/fasterxml/classmate/1.5.0/classmate-1.5.0.jar:/home/federicio/.m2/repository/org/springframework/spring-web/5.2.0.RELEASE/spring-web-5.2.0.RELEASE.jar:/home/federicio/.m2/repository/org/springframework/spring-beans/5.2.0.RELEASE/spring-beans-5.2.0.RELEASE.jar:/home/federicio/.m2/repository/org/springframework/spring-webmvc/5.2.0.RELEASE/spring-webmvc-5.2.0.RELEASE.jar:/home/federicio/.m2/repository/org/springframework/spring-aop/5.2.0.RELEASE/spring-aop-5.2.0.RELEASE.jar:/home/federicio/.m2/repository/org/springframework/spring-expression/5.2.0.RELEASE/spring-expression-5.2.0.RELEASE.jar:/home/federicio/.m2/repository/org/springframework/boot/spring-boot-starter-data-redis/2.2.0.RELEASE/spring-boot-starter-data-redis-2.2.0.RELEASE.jar:/home/federicio/.m2/repository/org/springframework/data/spring-data-redis/2.2.0.RELEASE/spring-data-redis-2.2.0.RELEASE.jar:/home/federicio/.m2/repository/org/springframework/data/spring-data-keyvalue/2.2.0.RELEASE/spring-data-keyvalue-2.2.0.RELEASE.jar:/home/federicio/.m2/repository/org/springframework/data/spring-data-commons/2.2.0.RELEASE/spring-data-commons-2.2.0.RELEASE.jar:/home/federicio/.m2/repository/org/springframework/spring-tx/5.2.0.RELEASE/spring-tx-5.2.0.RELEASE.jar:/home/federicio/.m2/repository/org/springframework/spring-oxm/5.2.0.RELEASE/spring-oxm-5.2.0.RELEASE.jar:/home/federicio/.m2/repository/org/springframework/spring-context-support/5.2.0.RELEASE/spring-context-support-5.2.0.RELEASE.jar:/home/federicio/.m2/repository/io/lettuce/lettuce-core/5.2.0.RELEASE/lettuce-core-5.2.0.RELEASE.jar:/home/federicio/.m2/repository/io/netty/netty-common/4.1.42.Final/netty-common-4.1.42.Final.jar:/home/federicio/.m2/repository/io/netty/netty-handler/4.1.42.Final/netty-handler-4.1.42.Final.jar:/home/federicio/.m2/repository/io/netty/netty-codec/4.1.42.Final/netty-codec-4.1.42.Final.jar:/home/federicio/.m2/repository/io/netty/netty-transport/4.1.42.Final/netty-transport-4.1.42.Final.jar:/home/federicio/.m2/repository/io/netty/netty-resolver/4.1.42.Final/netty-resolver-4.1.42.Final.jar:/home/federicio/.m2/repository/io/projectreactor/reactor-core/3.3.0.RELEASE/reactor-core-3.3.0.RELEASE.jar:/home/federicio/.m2/repository/org/reactivestreams/reactive-streams/1.0.3/reactive-streams-1.0.3.jar:/home/federicio/.m2/repository/io/gatling/highcharts/gatling-charts-highcharts/3.3.1/gatling-charts-highcharts-3.3.1.jar:/home/federicio/.m2/repository/org/scala-lang/scala-library/2.12.10/scala-library-2.12.10.jar:/home/federicio/.m2/repository/io/gatling/gatling-charts/3.3.1/gatling-charts-3.3.1.jar:/home/federicio/.m2/repository/io/gatling/gatling-core/3.3.1/gatling-core-3.3.1.jar:/home/federicio/.m2/repository/com/typesafe/akka/akka-slf4j_2.12/2.5.26/akka-slf4j_2.12-2.5.26.jar:/home/federicio/.m2/repository/org/simpleflatmapper/lightning-csv/8.0.3/lightning-csv-8.0.3.jar:/home/federicio/.m2/repository/org/simpleflatmapper/sfm-util/8.0.3/sfm-util-8.0.3.jar:/home/federicio/.m2/repository/com/github/ben-manes/caffeine/caffeine/2.8.0/caffeine-2.8.0.jar:/home/federicio/.m2/repository/org/checkerframework/checker-qual/2.10.0/checker-qual-2.10.0.jar:/home/federicio/.m2/repository/com/google/errorprone/error_prone_annotations/2.3.3/error_prone_annotations-2.3.3.jar:/home/federicio/.m2/repository/io/pebbletemplates/pebble/3.1.0/pebble-3.1.0.jar:/home/federicio/.m2/repository/org/unbescape/unbescape/1.1.6.RELEASE/unbescape-1.1.6.RELEASE.jar:/home/federicio/.m2/repository/org/scala-lang/modules/scala-parser-combinators_2.12/1.1.2/scala-parser-combinators_2.12-1.1.2.jar:/home/federicio/.m2/repository/com/github/scopt/scopt_2.12/3.7.1/scopt_2.12-3.7.1.jar:/home/federicio/.m2/repository/io/gatling/jsonpath_2.12/0.7.0/jsonpath_2.12-0.7.0.jar:/home/federicio/.m2/repository/net/sf/saxon/Saxon-HE/9.9.1-5/Saxon-HE-9.9.1-5.jar:/home/federicio/.m2/repository/org/jodd/jodd-lagarto/5.0.13/jodd-lagarto-5.0.13.jar:/home/federicio/.m2/repository/org/jodd/jodd-core/5.0.13/jodd-core-5.0.13.jar:/home/federicio/.m2/repository/org/jodd/jodd-log/5.0.13/jodd-log-5.0.13.jar:/home/federicio/.m2/repository/io/burt/jmespath-jackson/0.4.0/jmespath-jackson-0.4.0.jar:/home/federicio/.m2/repository/io/burt/jmespath-core/0.4.0/jmespath-core-0.4.0.jar:/home/federicio/.m2/repository/com/tdunning/t-digest/3.1/t-digest-3.1.jar:/home/federicio/.m2/repository/io/gatling/gatling-app/3.3.1/gatling-app-3.3.1.jar:/home/federicio/.m2/repository/io/gatling/gatling-http/3.3.1/gatling-http-3.3.1.jar:/home/federicio/.m2/repository/org/scala-lang/modules/scala-xml_2.12/1.2.0/scala-xml_2.12-1.2.0.jar:/home/federicio/.m2/repository/io/gatling/gatling-jms/3.3.1/gatling-jms-3.3.1.jar:/home/federicio/.m2/repository/javax/jms/javax.jms-api/2.0.1/javax.jms-api-2.0.1.jar:/home/federicio/.m2/repository/io/gatling/gatling-jdbc/3.3.1/gatling-jdbc-3.3.1.jar:/home/federicio/.m2/repository/io/gatling/gatling-redis/3.3.1/gatling-redis-3.3.1.jar:/home/federicio/.m2/repository/net/debasishg/redisclient_2.12/3.10/redisclient_2.12-3.10.jar:/home/federicio/.m2/repository/org/apache/commons/commons-pool2/2.7.0/commons-pool2-2.7.0.jar:/home/federicio/.m2/repository/io/gatling/gatling-graphite/3.3.1/gatling-graphite-3.3.1.jar:/home/federicio/.m2/repository/io/gatling/gatling-recorder/3.3.1/gatling-recorder-3.3.1.jar:/home/federicio/.m2/repository/org/scala-lang/modules/scala-swing_2.12/2.1.1/scala-swing_2.12-2.1.1.jar:/home/federicio/.m2/repository/org/json4s/json4s-jackson_2.12/3.6.7/json4s-jackson_2.12-3.6.7.jar:/home/federicio/.m2/repository/org/json4s/json4s-core_2.12/3.6.7/json4s-core_2.12-3.6.7.jar:/home/federicio/.m2/repository/org/json4s/json4s-ast_2.12/3.6.7/json4s-ast_2.12-3.6.7.jar:/home/federicio/.m2/repository/org/json4s/json4s-scalap_2.12/3.6.7/json4s-scalap_2.12-3.6.7.jar:/home/federicio/.m2/repository/com/thoughtworks/paranamer/paranamer/2.8/paranamer-2.8.jar:/home/federicio/.m2/repository/org/bouncycastle/bcpkix-jdk15on/1.64/bcpkix-jdk15on-1.64.jar:/home/federicio/.m2/repository/org/bouncycastle/bcprov-jdk15on/1.64/bcprov-jdk15on-1.64.jar:/home/federicio/.m2/repository/io/netty/netty-codec-http/4.1.42.Final/netty-codec-http-4.1.42.Final.jar:/home/federicio/.m2/repository/com/typesafe/akka/akka-actor_2.12/2.5.26/akka-actor_2.12-2.5.26.jar:/home/federicio/.m2/repository/io/gatling/gatling-http-client/3.3.1/gatling-http-client-3.3.1.jar:/home/federicio/.m2/repository/io/gatling/gatling-netty-util/3.3.1/gatling-netty-util-3.3.1.jar:/home/federicio/.m2/repository/io/netty/netty-buffer/4.1.42.Final/netty-buffer-4.1.42.Final.jar:/home/federicio/.m2/repository/io/netty/netty-handler-proxy/4.1.42.Final/netty-handler-proxy-4.1.42.Final.jar:/home/federicio/.m2/repository/io/netty/netty-codec-socks/4.1.42.Final/netty-codec-socks-4.1.42.Final.jar:/home/federicio/.m2/repository/io/netty/netty-resolver-dns/4.1.42.Final/netty-resolver-dns-4.1.42.Final.jar:/home/federicio/.m2/repository/io/netty/netty-codec-dns/4.1.42.Final/netty-codec-dns-4.1.42.Final.jar:/home/federicio/.m2/repository/io/netty/netty-transport-native-epoll/4.1.42.Final/netty-transport-native-epoll-4.1.42.Final-linux-x86_64.jar:/home/federicio/.m2/repository/io/netty/netty-transport-native-unix-common/4.1.42.Final/netty-transport-native-unix-common-4.1.42.Final.jar:/home/federicio/.m2/repository/io/netty/netty-codec-http2/4.1.42.Final/netty-codec-http2-4.1.42.Final.jar:/home/federicio/.m2/repository/io/netty/netty-tcnative-boringssl-static/2.0.26.Final/netty-tcnative-boringssl-static-2.0.26.Final.jar:/home/federicio/.m2/repository/com/sun/activation/javax.activation/1.2.0/javax.activation-1.2.0.jar:/home/federicio/.m2/repository/com/typesafe/scala-logging/scala-logging_2.12/3.9.2/scala-logging_2.12-3.9.2.jar:/home/federicio/.m2/repository/io/gatling/gatling-commons/3.3.1/gatling-commons-3.3.1.jar:/home/federicio/.m2/repository/org/scala-lang/scala-reflect/2.12.10/scala-reflect-2.12.10.jar:/home/federicio/.m2/repository/com/typesafe/config/1.4.0/config-1.4.0.jar:/home/federicio/.m2/repository/io/suzaku/boopickle_2.12/1.3.1/boopickle_2.12-1.3.1.jar:/home/federicio/.m2/repository/org/typelevel/spire-macros_2.12/0.16.2/spire-macros_2.12-0.16.2.jar:/home/federicio/.m2/repository/com/softwaremill/quicklens/quicklens_2.12/1.4.12/quicklens_2.12-1.4.12.jar:/home/federicio/.m2/repository/org/scala-lang/modules/scala-java8-compat_2.12/0.9.0/scala-java8-compat_2.12-0.9.0.jar:/home/federicio/.m2/repository/com/eatthepath/fast-uuid/0.1/fast-uuid-0.1.jar:/home/federicio/.m2/repository/com/martensigwart/fakeload/0.4.0/fakeload-0.4.0.jar:/home/federicio/.m2/repository/org/slf4j/slf4j-api/1.7.28/slf4j-api-1.7.28.jar:/home/federicio/.m2/repository/com/google/code/findbugs/jsr305/2.0.1/jsr305-2.0.1.jar:/home/federicio/.m2/repository/org/springframework/boot/spring-boot-starter-actuator/2.2.0.RELEASE/spring-boot-starter-actuator-2.2.0.RELEASE.jar:/home/federicio/.m2/repository/org/springframework/boot/spring-boot-actuator-autoconfigure/2.2.0.RELEASE/spring-boot-actuator-autoconfigure-2.2.0.RELEASE.jar:/home/federicio/.m2/repository/org/springframework/boot/spring-boot-actuator/2.2.0.RELEASE/spring-boot-actuator-2.2.0.RELEASE.jar:/home/federicio/.m2/repository/io/micrometer/micrometer-core/1.3.0/micrometer-core-1.3.0.jar:/home/federicio/.m2/repository/org/hdrhistogram/HdrHistogram/2.1.11/HdrHistogram-2.1.11.jar:/home/federicio/.m2/repository/org/latencyutils/LatencyUtils/2.0.3/LatencyUtils-2.0.3.jar:"/>
    <property name="java.vm.vendor" value="Ubuntu"/>
    <property name="sun.arch.data.model" value="64"/>
    <property name="java.vendor.url" value="https://ubuntu.com/"/>
    <property name="user.timezone" value=""/>
    <property name="java.vm.specification.version" value="11"/>
    <property name="os.name" value="Linux"/>
    <property name="sun.java.launcher" value="SUN_STANDARD"/>
    <property name="user.country" value="US"/>
    <property name="sun.boot.library.path" value="/usr/lib/jvm/java-11-openjdk-amd64/lib"/>
    <property name="sun.java.command" value="/home/federicio/Desktop/no-escalapp-masterv2/target/surefire/surefirebooter1474236147638628455.jar /home/federicio/Desktop/no-escalapp-masterv2/target/surefire 2020-09-29T21-07-23_493-jvmRun1 surefire4032617184834070835tmp surefire_014889580853542782960tmp"/>
    <property name="jdk.debug" value="release"/>
    <property name="surefire.test.class.path" value="/home/federicio/Desktop/no-escalapp-masterv2/target/test-classes:/home/federicio/Desktop/no-escalapp-masterv2/target/classes:/home/federicio/.m2/repository/org/springframework/boot/spring-boot-starter/2.2.0.RELEASE/spring-boot-starter-2.2.0.RELEASE.jar:/home/federicio/.m2/repository/org/springframework/boot/spring-boot/2.2.0.RELEASE/spring-boot-2.2.0.RELEASE.jar:/home/federicio/.m2/repository/org/springframework/spring-context/5.2.0.RELEASE/spring-context-5.2.0.RELEASE.jar:/home/federicio/.m2/repository/org/springframework/boot/spring-boot-autoconfigure/2.2.0.RELEASE/spring-boot-autoconfigure-2.2.0.RELEASE.jar:/home/federicio/.m2/repository/org/springframework/boot/spring-boot-starter-logging/2.2.0.RELEASE/spring-boot-starter-logging-2.2.0.RELEASE.jar:/home/federicio/.m2/repository/ch/qos/logback/logback-classic/1.2.3/logback-classic-1.2.3.jar:/home/federicio/.m2/repository/ch/qos/logback/logback-core/1.2.3/logback-core-1.2.3.jar:/home/federicio/.m2/repository/org/apache/logging/log4j/log4j-to-slf4j/2.12.1/log4j-to-slf4j-2.12.1.jar:/home/federicio/.m2/repository/org/apache/logging/log4j/log4j-api/2.12.1/log4j-api-2.12.1.jar:/home/federicio/.m2/repository/org/slf4j/jul-to-slf4j/1.7.28/jul-to-slf4j-1.7.28.jar:/home/federicio/.m2/repository/jakarta/annotation/jakarta.annotation-api/1.3.5/jakarta.annotation-api-1.3.5.jar:/home/federicio/.m2/repository/org/springframework/spring-core/5.2.0.RELEASE/spring-core-5.2.0.RELEASE.jar:/home/federicio/.m2/repository/org/springframework/spring-jcl/5.2.0.RELEASE/spring-jcl-5.2.0.RELEASE.jar:/home/federicio/.m2/repository/org/yaml/snakeyaml/1.25/snakeyaml-1.25.jar:/home/federicio/.m2/repository/org/springframework/boot/spring-boot-starter-test/2.2.0.RELEASE/spring-boot-starter-test-2.2.0.RELEASE.jar:/home/federicio/.m2/repository/org/springframework/boot/spring-boot-test/2.2.0.RELEASE/spring-boot-test-2.2.0.RELEASE.jar:/home/federicio/.m2/repository/org/springframework/boot/spring-boot-test-autoconfigure/2.2.0.RELEASE/spring-boot-test-autoconfigure-2.2.0.RELEASE.jar:/home/federicio/.m2/repository/com/jayway/jsonpath/json-path/2.4.0/json-path-2.4.0.jar:/home/federicio/.m2/repository/net/minidev/json-smart/2.3/json-smart-2.3.jar:/home/federicio/.m2/repository/net/minidev/accessors-smart/1.2/accessors-smart-1.2.jar:/home/federicio/.m2/repository/org/ow2/asm/asm/5.0.4/asm-5.0.4.jar:/home/federicio/.m2/repository/jakarta/xml/bind/jakarta.xml.bind-api/2.3.2/jakarta.xml.bind-api-2.3.2.jar:/home/federicio/.m2/repository/jakarta/activation/jakarta.activation-api/1.2.1/jakarta.activation-api-1.2.1.jar:/home/federicio/.m2/repository/org/junit/jupiter/junit-jupiter/5.5.2/junit-jupiter-5.5.2.jar:/home/federicio/.m2/repository/org/junit/jupiter/junit-jupiter-api/5.5.2/junit-jupiter-api-5.5.2.jar:/home/federicio/.m2/repository/org/apiguardian/apiguardian-api/1.1.0/apiguardian-api-1.1.0.jar:/home/federicio/.m2/repository/org/opentest4j/opentest4j/1.2.0/opentest4j-1.2.0.jar:/home/federicio/.m2/repository/org/junit/platform/junit-platform-commons/1.5.2/junit-platform-commons-1.5.2.jar:/home/federicio/.m2/repository/org/junit/jupiter/junit-jupiter-params/5.5.2/junit-jupiter-params-5.5.2.jar:/home/federicio/.m2/repository/org/junit/jupiter/junit-jupiter-engine/5.5.2/junit-jupiter-engine-5.5.2.jar:/home/federicio/.m2/repository/org/junit/platform/junit-platform-engine/1.5.2/junit-platform-engine-1.5.2.jar:/home/federicio/.m2/repository/org/mockito/mockito-junit-jupiter/3.1.0/mockito-junit-jupiter-3.1.0.jar:/home/federicio/.m2/repository/org/assertj/assertj-core/3.13.2/assertj-core-3.13.2.jar:/home/federicio/.m2/repository/org/hamcrest/hamcrest/2.1/hamcrest-2.1.jar:/home/federicio/.m2/repository/org/mockito/mockito-core/3.1.0/mockito-core-3.1.0.jar:/home/federicio/.m2/repository/net/bytebuddy/byte-buddy/1.10.1/byte-buddy-1.10.1.jar:/home/federicio/.m2/repository/net/bytebuddy/byte-buddy-agent/1.10.1/byte-buddy-agent-1.10.1.jar:/home/federicio/.m2/repository/org/objenesis/objenesis/2.6/objenesis-2.6.jar:/home/federicio/.m2/repository/org/skyscreamer/jsonassert/1.5.0/jsonassert-1.5.0.jar:/home/federicio/.m2/repository/com/vaadin/external/google/android-json/0.0.20131108.vaadin1/android-json-0.0.20131108.vaadin1.jar:/home/federicio/.m2/repository/org/springframework/spring-test/5.2.0.RELEASE/spring-test-5.2.0.RELEASE.jar:/home/federicio/.m2/repository/org/xmlunit/xmlunit-core/2.6.3/xmlunit-core-2.6.3.jar:/home/federicio/.m2/repository/org/springframework/boot/spring-boot-starter-web/2.2.0.RELEASE/spring-boot-starter-web-2.2.0.RELEASE.jar:/home/federicio/.m2/repository/org/springframework/boot/spring-boot-starter-json/2.2.0.RELEASE/spring-boot-starter-json-2.2.0.RELEASE.jar:/home/federicio/.m2/repository/com/fasterxml/jackson/core/jackson-databind/2.10.0/jackson-databind-2.10.0.jar:/home/federicio/.m2/repository/com/fasterxml/jackson/core/jackson-annotations/2.10.0/jackson-annotations-2.10.0.jar:/home/federicio/.m2/repository/com/fasterxml/jackson/core/jackson-core/2.10.0/jackson-core-2.10.0.jar:/home/federicio/.m2/repository/com/fasterxml/jackson/datatype/jackson-datatype-jdk8/2.10.0/jackson-datatype-jdk8-2.10.0.jar:/home/federicio/.m2/repository/com/fasterxml/jackson/datatype/jackson-datatype-jsr310/2.10.0/jackson-datatype-jsr310-2.10.0.jar:/home/federicio/.m2/repository/com/fasterxml/jackson/module/jackson-module-parameter-names/2.10.0/jackson-module-parameter-names-2.10.0.jar:/home/federicio/.m2/repository/org/springframework/boot/spring-boot-starter-tomcat/2.2.0.RELEASE/spring-boot-starter-tomcat-2.2.0.RELEASE.jar:/home/federicio/.m2/repository/org/apache/tomcat/embed/tomcat-embed-core/9.0.27/tomcat-embed-core-9.0.27.jar:/home/federicio/.m2/repository/org/apache/tomcat/embed/tomcat-embed-el/9.0.27/tomcat-embed-el-9.0.27.jar:/home/federicio/.m2/repository/org/apache/tomcat/embed/tomcat-embed-websocket/9.0.27/tomcat-embed-websocket-9.0.27.jar:/home/federicio/.m2/repository/org/springframework/boot/spring-boot-starter-validation/2.2.0.RELEASE/spring-boot-starter-validation-2.2.0.RELEASE.jar:/home/federicio/.m2/repository/jakarta/validation/jakarta.validation-api/2.0.1/jakarta.validation-api-2.0.1.jar:/home/federicio/.m2/repository/org/hibernate/validator/hibernate-validator/6.0.17.Final/hibernate-validator-6.0.17.Final.jar:/home/federicio/.m2/repository/org/jboss/logging/jboss-logging/3.4.1.Final/jboss-logging-3.4.1.Final.jar:/home/federicio/.m2/repository/com/fasterxml/classmate/1.5.0/classmate-1.5.0.jar:/home/federicio/.m2/repository/org/springframework/spring-web/5.2.0.RELEASE/spring-web-5.2.0.RELEASE.jar:/home/federicio/.m2/repository/org/springframework/spring-beans/5.2.0.RELEASE/spring-beans-5.2.0.RELEASE.jar:/home/federicio/.m2/repository/org/springframework/spring-webmvc/5.2.0.RELEASE/spring-webmvc-5.2.0.RELEASE.jar:/home/federicio/.m2/repository/org/springframework/spring-aop/5.2.0.RELEASE/spring-aop-5.2.0.RELEASE.jar:/home/federicio/.m2/repository/org/springframework/spring-expression/5.2.0.RELEASE/spring-expression-5.2.0.RELEASE.jar:/home/federicio/.m2/repository/org/springframework/boot/spring-boot-starter-data-redis/2.2.0.RELEASE/spring-boot-starter-data-redis-2.2.0.RELEASE.jar:/home/federicio/.m2/repository/org/springframework/data/spring-data-redis/2.2.0.RELEASE/spring-data-redis-2.2.0.RELEASE.jar:/home/federicio/.m2/repository/org/springframework/data/spring-data-keyvalue/2.2.0.RELEASE/spring-data-keyvalue-2.2.0.RELEASE.jar:/home/federicio/.m2/repository/org/springframework/data/spring-data-commons/2.2.0.RELEASE/spring-data-commons-2.2.0.RELEASE.jar:/home/federicio/.m2/repository/org/springframework/spring-tx/5.2.0.RELEASE/spring-tx-5.2.0.RELEASE.jar:/home/federicio/.m2/repository/org/springframework/spring-oxm/5.2.0.RELEASE/spring-oxm-5.2.0.RELEASE.jar:/home/federicio/.m2/repository/org/springframework/spring-context-support/5.2.0.RELEASE/spring-context-support-5.2.0.RELEASE.jar:/home/federicio/.m2/repository/io/lettuce/lettuce-core/5.2.0.RELEASE/lettuce-core-5.2.0.RELEASE.jar:/home/federicio/.m2/repository/io/netty/netty-common/4.1.42.Final/netty-common-4.1.42.Final.jar:/home/federicio/.m2/repository/io/netty/netty-handler/4.1.42.Final/netty-handler-4.1.42.Final.jar:/home/federicio/.m2/repository/io/netty/netty-codec/4.1.42.Final/netty-codec-4.1.42.Final.jar:/home/federicio/.m2/repository/io/netty/netty-transport/4.1.42.Final/netty-transport-4.1.42.Final.jar:/home/federicio/.m2/repository/io/netty/netty-resolver/4.1.42.Final/netty-resolver-4.1.42.Final.jar:/home/federicio/.m2/repository/io/projectreactor/reactor-core/3.3.0.RELEASE/reactor-core-3.3.0.RELEASE.jar:/home/federicio/.m2/repository/org/reactivestreams/reactive-streams/1.0.3/reactive-streams-1.0.3.jar:/home/federicio/.m2/repository/io/gatling/highcharts/gatling-charts-highcharts/3.3.1/gatling-charts-highcharts-3.3.1.jar:/home/federicio/.m2/repository/org/scala-lang/scala-library/2.12.10/scala-library-2.12.10.jar:/home/federicio/.m2/repository/io/gatling/gatling-charts/3.3.1/gatling-charts-3.3.1.jar:/home/federicio/.m2/repository/io/gatling/gatling-core/3.3.1/gatling-core-3.3.1.jar:/home/federicio/.m2/repository/com/typesafe/akka/akka-slf4j_2.12/2.5.26/akka-slf4j_2.12-2.5.26.jar:/home/federicio/.m2/repository/org/simpleflatmapper/lightning-csv/8.0.3/lightning-csv-8.0.3.jar:/home/federicio/.m2/repository/org/simpleflatmapper/sfm-util/8.0.3/sfm-util-8.0.3.jar:/home/federicio/.m2/repository/com/github/ben-manes/caffeine/caffeine/2.8.0/caffeine-2.8.0.jar:/home/federicio/.m2/repository/org/checkerframework/checker-qual/2.10.0/checker-qual-2.10.0.jar:/home/federicio/.m2/repository/com/google/errorprone/error_prone_annotations/2.3.3/error_prone_annotations-2.3.3.jar:/home/federicio/.m2/repository/io/pebbletemplates/pebble/3.1.0/pebble-3.1.0.jar:/home/federicio/.m2/repository/org/unbescape/unbescape/1.1.6.RELEASE/unbescape-1.1.6.RELEASE.jar:/home/federicio/.m2/repository/org/scala-lang/modules/scala-parser-combinators_2.12/1.1.2/scala-parser-combinators_2.12-1.1.2.jar:/home/federicio/.m2/repository/com/github/scopt/scopt_2.12/3.7.1/scopt_2.12-3.7.1.jar:/home/federicio/.m2/repository/io/gatling/jsonpath_2.12/0.7.0/jsonpath_2.12-0.7.0.jar:/home/federicio/.m2/repository/net/sf/saxon/Saxon-HE/9.9.1-5/Saxon-HE-9.9.1-5.jar:/home/federicio/.m2/repository/org/jodd/jodd-lagarto/5.0.13/jodd-lagarto-5.0.13.jar:/home/federicio/.m2/repository/org/jodd/jodd-core/5.0.13/jodd-core-5.0.13.jar:/home/federicio/.m2/repository/org/jodd/jodd-log/5.0.13/jodd-log-5.0.13.jar:/home/federicio/.m2/repository/io/burt/jmespath-jackson/0.4.0/jmespath-jackson-0.4.0.jar:/home/federicio/.m2/repository/io/burt/jmespath-core/0.4.0/jmespath-core-0.4.0.jar:/home/federicio/.m2/repository/com/tdunning/t-digest/3.1/t-digest-3.1.jar:/home/federicio/.m2/repository/io/gatling/gatling-app/3.3.1/gatling-app-3.3.1.jar:/home/federicio/.m2/repository/io/gatling/gatling-http/3.3.1/gatling-http-3.3.1.jar:/home/federicio/.m2/repository/org/scala-lang/modules/scala-xml_2.12/1.2.0/scala-xml_2.12-1.2.0.jar:/home/federicio/.m2/repository/io/gatling/gatling-jms/3.3.1/gatling-jms-3.3.1.jar:/home/federicio/.m2/repository/javax/jms/javax.jms-api/2.0.1/javax.jms-api-2.0.1.jar:/home/federicio/.m2/repository/io/gatling/gatling-jdbc/3.3.1/gatling-jdbc-3.3.1.jar:/home/federicio/.m2/repository/io/gatling/gatling-redis/3.3.1/gatling-redis-3.3.1.jar:/home/federicio/.m2/repository/net/debasishg/redisclient_2.12/3.10/redisclient_2.12-3.10.jar:/home/federicio/.m2/repository/org/apache/commons/commons-pool2/2.7.0/commons-pool2-2.7.0.jar:/home/federicio/.m2/repository/io/gatling/gatling-graphite/3.3.1/gatling-graphite-3.3.1.jar:/home/federicio/.m2/repository/io/gatling/gatling-recorder/3.3.1/gatling-recorder-3.3.1.jar:/home/federicio/.m2/repository/org/scala-lang/modules/scala-swing_2.12/2.1.1/scala-swing_2.12-2.1.1.jar:/home/federicio/.m2/repository/org/json4s/json4s-jackson_2.12/3.6.7/json4s-jackson_2.12-3.6.7.jar:/home/federicio/.m2/repository/org/json4s/json4s-core_2.12/3.6.7/json4s-core_2.12-3.6.7.jar:/home/federicio/.m2/repository/org/json4s/json4s-ast_2.12/3.6.7/json4s-ast_2.12-3.6.7.jar:/home/federicio/.m2/repository/org/json4s/json4s-scalap_2.12/3.6.7/json4s-scalap_2.12-3.6.7.jar:/home/federicio/.m2/repository/com/thoughtworks/paranamer/paranamer/2.8/paranamer-2.8.jar:/home/federicio/.m2/repository/org/bouncycastle/bcpkix-jdk15on/1.64/bcpkix-jdk15on-1.64.jar:/home/federicio/.m2/repository/org/bouncycastle/bcprov-jdk15on/1.64/bcprov-jdk15on-1.64.jar:/home/federicio/.m2/repository/io/netty/netty-codec-http/4.1.42.Final/netty-codec-http-4.1.42.Final.jar:/home/federicio/.m2/repository/com/typesafe/akka/akka-actor_2.12/2.5.26/akka-actor_2.12-2.5.26.jar:/home/federicio/.m2/repository/io/gatling/gatling-http-client/3.3.1/gatling-http-client-3.3.1.jar:/home/federicio/.m2/repository/io/gatling/gatling-netty-util/3.3.1/gatling-netty-util-3.3.1.jar:/home/federicio/.m2/repository/io/netty/netty-buffer/4.1.42.Final/netty-buffer-4.1.42.Final.jar:/home/federicio/.m2/repository/io/netty/netty-handler-proxy/4.1.42.Final/netty-handler-proxy-4.1.42.Final.jar:/home/federicio/.m2/repository/io/netty/netty-codec-socks/4.1.42.Final/netty-codec-socks-4.1.42.Final.jar:/home/federicio/.m2/repository/io/netty/netty-resolver-dns/4.1.42.Final/netty-resolver-dns-4.1.42.Final.jar:/home/federicio/.m2/repository/io/netty/netty-codec-dns/4.1.42.Final/netty-codec-dns-4.1.42.Final.jar:/home/federicio/.m2/repository/io/netty/netty-transport-native-epoll/4.1.42.Final/netty-transport-native-epoll-4.1.42.Final-linux-x86_64.jar:/home/federicio/.m2/repository/io/netty/netty-transport-native-unix-common/4.1.42.Final/netty-transport-native-unix-common-4.1.42.Final.jar:/home/federicio/.m2/repository/io/netty/netty-codec-http2/4.1.42.Final/netty-codec-http2-4.1.42.Final.jar:/home/federicio/.m2/repository/io/netty/netty-tcnative-boringssl-static/2.0.26.Final/netty-tcnative-boringssl-static-2.0.26.Final.jar:/home/federicio/.m2/repository/com/sun/activation/javax.activation/1.2.0/javax.activation-1.2.0.jar:/home/federicio/.m2/repository/com/typesafe/scala-logging/scala-logging_2.12/3.9.2/scala-logging_2.12-3.9.2.jar:/home/federicio/.m2/repository/io/gatling/gatling-commons/3.3.1/gatling-commons-3.3.1.jar:/home/federicio/.m2/repository/org/scala-lang/scala-reflect/2.12.10/scala-reflect-2.12.10.jar:/home/federicio/.m2/repository/com/typesafe/config/1.4.0/config-1.4.0.jar:/home/federicio/.m2/repository/io/suzaku/boopickle_2.12/1.3.1/boopickle_2.12-1.3.1.jar:/home/federicio/.m2/repository/org/typelevel/spire-macros_2.12/0.16.2/spire-macros_2.12-0.16.2.jar:/home/federicio/.m2/repository/com/softwaremill/quicklens/quicklens_2.12/1.4.12/quicklens_2.12-1.4.12.jar:/home/federicio/.m2/repository/org/scala-lang/modules/scala-java8-compat_2.12/0.9.0/scala-java8-compat_2.12-0.9.0.jar:/home/federicio/.m2/repository/com/eatthepath/fast-uuid/0.1/fast-uuid-0.1.jar:/home/federicio/.m2/repository/com/martensigwart/fakeload/0.4.0/fakeload-0.4.0.jar:/home/federicio/.m2/repository/org/slf4j/slf4j-api/1.7.28/slf4j-api-1.7.28.jar:/home/federicio/.m2/repository/com/google/code/findbugs/jsr305/2.0.1/jsr305-2.0.1.jar:/home/federicio/.m2/repository/org/springframework/boot/spring-boot-starter-actuator/2.2.0.RELEASE/spring-boot-starter-actuator-2.2.0.RELEASE.jar:/home/federicio/.m2/repository/org/springframework/boot/spring-boot-actuator-autoconfigure/2.2.0.RELEASE/spring-boot-actuator-autoconfigure-2.2.0.RELEASE.jar:/home/federicio/.m2/repository/org/springframework/boot/spring-boot-actuator/2.2.0.RELEASE/spring-boot-actuator-2.2.0.RELEASE.jar:/home/federicio/.m2/repository/io/micrometer/micrometer-core/1.3.0/micrometer-core-1.3.0.jar:/home/federicio/.m2/repository/org/hdrhistogram/HdrHistogram/2.1.11/HdrHistogram-2.1.11.jar:/home/federicio/.m2/repository/org/latencyutils/LatencyUtils/2.0.3/LatencyUtils-2.0.3.jar:"/>
    <property name="sun.cpu.endian" value="little"/>
    <property name="user.home" value="/home/federicio"/>
    <property name="user.language" value="en"/>
    <property name="java.specification.vendor" value="Oracle Corporation"/>
    <property name="java.version.date" value="2020-07-14"/>
    <property name="java.home" value="/usr/lib/jvm/java-11-openjdk-amd64"/>
    <property name="file.separator" value="/"/>
    <property name="basedir" value="/home/federicio/Desktop/no-escalapp-masterv2"/>
    <property name="java.vm.compressedOopsMode" value="32-bit"/>
    <property name="line.separator" value="&#10;"/>
    <property name="java.specification.name" value="Java Platform API Specification"/>
    <property name="java.vm.specification.vendor" value="Oracle Corporation"/>
    <property name="java.awt.graphicsenv" value="sun.awt.X11GraphicsEnvironment"/>
    <property name="surefire.real.class.path" value="/home/federicio/Desktop/no-escalapp-masterv2/target/surefire/surefirebooter1474236147638628455.jar"/>
    <property name="sun.management.compiler" value="HotSpot 64-Bit Tiered Compilers"/>
    <property name="java.runtime.version" value="11.0.8+10-post-Ubuntu-0ubuntu118.04.1"/>
    <property name="user.name" value="federicio"/>
    <property name="path.separator" value=":"/>
    <property name="os.version" value="5.4.0-47-generic"/>
    <property name="java.runtime.name" value="OpenJDK Runtime Environment"/>
    <property name="file.encoding" value="UTF-8"/>
    <property name="java.vm.name" value="OpenJDK 64-Bit Server VM"/>
    <property name="localRepository" value="/home/federicio/.m2/repository"/>
    <property name="java.vendor.url.bug" value="https://bugs.launchpad.net/ubuntu/+source/openjdk-lts"/>
    <property name="java.io.tmpdir" value="/tmp"/>
    <property name="idea.version" value="2020.2.2"/>
    <property name="java.version" value="11.0.8"/>
    <property name="user.dir" value="/home/federicio/Desktop/no-escalapp-masterv2"/>
    <property name="os.arch" value="amd64"/>
    <property name="java.vm.specification.name" value="Java Virtual Machine Specification"/>
    <property name="java.awt.printerjob" value="sun.print.PSPrinterJob"/>
    <property name="sun.os.patch.level" value="unknown"/>
    <property name="java.library.path" value="/usr/java/packages/lib:/usr/lib/x86_64-linux-gnu/jni:/lib/x86_64-linux-gnu:/usr/lib/x86_64-linux-gnu:/usr/lib/jni:/lib:/usr/lib"/>
    <property name="java.vm.info" value="mixed mode, sharing"/>
    <property name="java.vendor" value="Ubuntu"/>
    <property name="java.vm.version" value="11.0.8+10-post-Ubuntu-0ubuntu118.04.1"/>
    <property name="sun.io.unicode.encoding" value="UnicodeLittle"/>
    <property name="java.class.version" value="55.0"/>
  </properties>
  <testcase name="contextLoads" classname="ar.edu.undav.noescalapp.NoescalappApplicationTests" time="0.477"/>
</testsuite>